<?xml version="1.0" encoding="UTF-8"?>
<!-- Generated by org.testng.reporters.JUnitReportReporter -->
<testsuite skipped="0" hostname="LAPTOP-601OB7PA" name="script.LoginTest" tests="1" failures="0" timestamp="17 Jun 2017 18:55:11 GMT" time="11.340" errors="0">
  <testcase name="login" time="11.340" classname="script.LoginTest"/>
</testsuite> <!-- script.LoginTest -->
