<?xml version="1.0" encoding="UTF-8"?>
<!-- Generated by org.testng.reporters.JUnitReportReporter -->
<testsuite skipped="0" hostname="LAPTOP-601OB7PA" name="script.Testcase" tests="1" failures="0" timestamp="15 Jun 2017 17:46:15 GMT" time="17.163" errors="0">
  <testcase name="test" time="17.163" classname="script.Testcase"/>
</testsuite> <!-- script.Testcase -->
